W0415 03:04:04.564000 129533248652416 torch/distributed/run.py:779] 
W0415 03:04:04.564000 129533248652416 torch/distributed/run.py:779] *****************************************
W0415 03:04:04.564000 129533248652416 torch/distributed/run.py:779] Setting OMP_NUM_THREADS environment variable for each process to be 1 in default, to avoid your system being overloaded, please further tune the variable for optimal performance in your application as needed. 
W0415 03:04:04.564000 129533248652416 torch/distributed/run.py:779] *****************************************
logs/exp22.txt
val_bpb:enabled tokenizer_kind=sentencepiece tokenizer_path=./data/tokenizers/fineweb_1024_bpe.model
train_loader:dataset:fineweb10B_sp1024 train_shards:80
val_loader:shards pattern=./data/datasets/fineweb10B_sp1024/fineweb_val_*.bin tokens:62021632
model_params:25632916
mtp_num_heads:0 mtp_loss_weight:0.2 mtp_params:0
XSA:last_6 active_unique_blocks:[0, 1, 2, 3, 4, 5] (each block runs twice per forward)
weight_tied:num_unique_blocks=6 effective_depth=12 model_dim=672 ln_scale_schedule=cached_per_block(exp11)
film_ttt:enabled=False lr=0.01 chunk_size=48
film_params:16128 (63.0KB)
world_size:8 grad_accum_steps:1
sdp_backends:cudnn=False flash=True mem_efficient=False math=False
attention_mode:gqa num_heads:8 num_kv_heads:4
tie_embeddings:True embed_lr:0.035 head_lr:0.0 matrix_lr:0.025 scalar_lr:0.025
train_batch_tokens:786432 train_seq_len:2048 iterations:20000 warmup_steps:20 max_wallclock_seconds:600.000
seed:1337
[rank0]:W0415 03:05:00.307000 130244021732928 torch/fx/experimental/symbolic_shapes.py:4449] [0/0_1] rindex is not in var_ranges, defaulting to unknown range.
[rank5]:W0415 03:05:00.602000 131830820099648 torch/fx/experimental/symbolic_shapes.py:4449] [0/0_1] rindex is not in var_ranges, defaulting to unknown range.
[rank1]:W0415 03:05:01.254000 135775962265152 torch/fx/experimental/symbolic_shapes.py:4449] [0/0_1] rindex is not in var_ranges, defaulting to unknown range.
[rank6]:W0415 03:05:01.940000 126693695440448 torch/fx/experimental/symbolic_shapes.py:4449] [0/0_1] rindex is not in var_ranges, defaulting to unknown range.
[rank4]:W0415 03:05:02.549000 125734918280768 torch/fx/experimental/symbolic_shapes.py:4449] [0/0_1] rindex is not in var_ranges, defaulting to unknown range.
[rank7]:W0415 03:05:04.236000 126819739084352 torch/fx/experimental/symbolic_shapes.py:4449] [0/0_1] rindex is not in var_ranges, defaulting to unknown range.
[rank3]:W0415 03:05:04.581000 132090343454272 torch/fx/experimental/symbolic_shapes.py:4449] [0/0_1] rindex is not in var_ranges, defaulting to unknown range.
[rank2]:W0415 03:05:04.822000 138407884551744 torch/fx/experimental/symbolic_shapes.py:4449] [0/0_1] rindex is not in var_ranges, defaulting to unknown range.
warmup_step:1/20
[rank2]:W0415 03:05:56.796000 138407884551744 torch/fx/experimental/symbolic_shapes.py:4449] [0/1] rindex is not in var_ranges, defaulting to unknown range.
[rank1]:W0415 03:05:56.868000 135775962265152 torch/fx/experimental/symbolic_shapes.py:4449] [0/1] rindex is not in var_ranges, defaulting to unknown range.
[rank4]:W0415 03:05:57.085000 125734918280768 torch/fx/experimental/symbolic_shapes.py:4449] [0/1] rindex is not in var_ranges, defaulting to unknown range.
[rank3]:W0415 03:05:57.206000 132090343454272 torch/fx/experimental/symbolic_shapes.py:4449] [0/1] rindex is not in var_ranges, defaulting to unknown range.
[rank0]:W0415 03:05:57.268000 130244021732928 torch/fx/experimental/symbolic_shapes.py:4449] [0/1] rindex is not in var_ranges, defaulting to unknown range.
[rank6]:W0415 03:05:57.353000 126693695440448 torch/fx/experimental/symbolic_shapes.py:4449] [0/1] rindex is not in var_ranges, defaulting to unknown range.
[rank5]:W0415 03:05:57.453000 131830820099648 torch/fx/experimental/symbolic_shapes.py:4449] [0/1] rindex is not in var_ranges, defaulting to unknown range.
[rank7]:W0415 03:05:57.662000 126819739084352 torch/fx/experimental/symbolic_shapes.py:4449] [0/1] rindex is not in var_ranges, defaulting to unknown range.
warmup_step:2/20
warmup_step:3/20
warmup_step:4/20
warmup_step:5/20
warmup_step:6/20
warmup_step:7/20
warmup_step:8/20
warmup_step:9/20
warmup_step:10/20
warmup_step:11/20
warmup_step:12/20
warmup_step:13/20
warmup_step:14/20
warmup_step:15/20
warmup_step:16/20
warmup_step:17/20
warmup_step:18/20
warmup_step:19/20
warmup_step:20/20
step:0/20000 val_loss:6.9349 val_bpb:4.1073 train_time:0ms step_avg:0.01ms
step:1/20000 train_loss:6.9397 train_time:210ms step_avg:210.45ms
step:2/20000 train_loss:8.7680 train_time:295ms step_avg:147.64ms
step:3/20000 train_loss:8.7614 train_time:508ms step_avg:169.35ms
step:4/20000 train_loss:8.9634 train_time:720ms step_avg:180.11ms
step:5/20000 train_loss:8.8032 train_time:933ms step_avg:186.68ms
step:6/20000 train_loss:8.6440 train_time:1147ms step_avg:191.17ms
step:7/20000 train_loss:8.3318 train_time:1359ms step_avg:194.17ms
step:8/20000 train_loss:7.7301 train_time:1573ms step_avg:196.57ms
step:9/20000 train_loss:7.0870 train_time:1786ms step_avg:198.40ms
step:10/20000 train_loss:6.5624 train_time:1998ms step_avg:199.82ms
step:200/20000 val_loss:2.7831 val_bpb:1.6483 train_time:42640ms step_avg:213.20ms
step:400/20000 val_loss:2.4759 val_bpb:1.4664 train_time:85348ms step_avg:213.37ms
step:500/20000 train_loss:2.4400 train_time:106481ms step_avg:212.96ms
step:600/20000 val_loss:2.3380 val_bpb:1.3847 train_time:127982ms step_avg:213.30ms
step:800/20000 val_loss:2.2570 val_bpb:1.3367 train_time:170700ms step_avg:213.37ms
step:1000/20000 train_loss:2.2545 train_time:213213ms step_avg:213.21ms
step:1000/20000 val_loss:2.2089 val_bpb:1.3082 train_time:213361ms step_avg:213.36ms
step:1200/20000 val_loss:2.1762 val_bpb:1.2889 train_time:256070ms step_avg:213.39ms
step:1400/20000 val_loss:2.1523 val_bpb:1.2747 train_time:298785ms step_avg:213.42ms
step:1500/20000 train_loss:2.1817 train_time:319920ms step_avg:213.28ms
step:1600/20000 val_loss:2.1315 val_bpb:1.2624 train_time:341427ms step_avg:213.39ms
step:1800/20000 val_loss:2.1040 val_bpb:1.2461 train_time:384153ms step_avg:213.42ms
step:2000/20000 train_loss:2.0167 train_time:426644ms step_avg:213.32ms
step:2000/20000 val_loss:2.0788 val_bpb:1.2312 train_time:426792ms step_avg:213.40ms
swa:start step:2150
step:2200/20000 val_loss:2.0571 val_bpb:1.2183 train_time:469673ms step_avg:213.49ms
late_qat:enabled step:2286 scale:0.1498
step:2400/20000 val_loss:2.0363 val_bpb:1.2060 train_time:512505ms step_avg:213.54ms
step:2500/20000 train_loss:2.1001 train_time:533788ms step_avg:213.52ms
step:2600/20000 val_loss:2.0184 val_bpb:1.1954 train_time:555416ms step_avg:213.62ms
step:2800/20000 val_loss:2.0059 val_bpb:1.1880 train_time:598319ms step_avg:213.69ms
step:2809/20000 val_loss:2.0058 val_bpb:1.1879 train_time:600235ms step_avg:213.68ms
stopping_early: wallclock_cap train_time:600235ms step:2809/20000
peak memory allocated: 43133 MiB reserved: 45978 MiB
ema:applying EMA weights (ema_count=2809, final_effective_decay=0.99681)
DIAGNOSTIC post_ema val_loss:2.0067 val_bpb:1.1885 eval_time:4434ms
Serialized model: 100388261 bytes
Code size: 115014 bytes
gptq:building non-banked model for Hessian collection...
gptq:generating autoregressive calibration data (64 seqs x 2048 tokens, temp=0.8)...
gptq:generated 64 sequences in 332.8s
gptq:collecting hessians from autoregressive data...
gptq:collected hessians for 38 layers (AR self-gen)
selective_prune: 7129732 ±1 candidates, unpruned=12.01MB target=15.9MB
selective_prune: already fits, no pruning needed
Serialized model int6+lzma: 12475636 bytes
Total submission size int6+lzma: 12590650 bytes
/workspace/parameter-golf/train_exp22.py:2301: FutureWarning: You are using `torch.load` with `weights_only=False` (the current default value), which uses the default pickle module implicitly. It is possible to construct malicious pickle data which will execute arbitrary code during unpickling (See https://github.com/pytorch/pytorch/blob/main/SECURITY.md#untrusted-models for more details). In a future release, the default value for `weights_only` will be flipped to `True`. This limits the functions that could be executed during unpickling. Arbitrary objects will no longer be allowed to be loaded via this mode unless they are explicitly allowlisted by the user via `torch.serialization.add_safe_globals`. We recommend you start setting `weights_only=True` for any use case where you don't have full control of the loaded file. Please open an issue on GitHub for any issues related to this experimental feature.
  quant_state = torch.load(
/workspace/parameter-golf/train_exp22.py:2301: FutureWarning: You are using `torch.load` with `weights_only=False` (the current default value), which uses the default pickle module implicitly. It is possible to construct malicious pickle data which will execute arbitrary code during unpickling (See https://github.com/pytorch/pytorch/blob/main/SECURITY.md#untrusted-models for more details). In a future release, the default value for `weights_only` will be flipped to `True`. This limits the functions that could be executed during unpickling. Arbitrary objects will no longer be allowed to be loaded via this mode unless they are explicitly allowlisted by the user via `torch.serialization.add_safe_globals`. We recommend you start setting `weights_only=True` for any use case where you don't have full control of the loaded file. Please open an issue on GitHub for any issues related to this experimental feature.
  quant_state = torch.load(
/workspace/parameter-golf/train_exp22.py:2301: FutureWarning: You are using `torch.load` with `weights_only=False` (the current default value), which uses the default pickle module implicitly. It is possible to construct malicious pickle data which will execute arbitrary code during unpickling (See https://github.com/pytorch/pytorch/blob/main/SECURITY.md#untrusted-models for more details). In a future release, the default value for `weights_only` will be flipped to `True`. This limits the functions that could be executed during unpickling. Arbitrary objects will no longer be allowed to be loaded via this mode unless they are explicitly allowlisted by the user via `torch.serialization.add_safe_globals`. We recommend you start setting `weights_only=True` for any use case where you don't have full control of the loaded file. Please open an issue on GitHub for any issues related to this experimental feature.
  quant_state = torch.load(
/workspace/parameter-golf/train_exp22.py:2301: FutureWarning: You are using `torch.load` with `weights_only=False` (the current default value), which uses the default pickle module implicitly. It is possible to construct malicious pickle data which will execute arbitrary code during unpickling (See https://github.com/pytorch/pytorch/blob/main/SECURITY.md#untrusted-models for more details). In a future release, the default value for `weights_only` will be flipped to `True`. This limits the functions that could be executed during unpickling. Arbitrary objects will no longer be allowed to be loaded via this mode unless they are explicitly allowlisted by the user via `torch.serialization.add_safe_globals`. We recommend you start setting `weights_only=True` for any use case where you don't have full control of the loaded file. Please open an issue on GitHub for any issues related to this experimental feature.
  quant_state = torch.load(
/workspace/parameter-golf/train_exp22.py:2301: FutureWarning: You are using `torch.load` with `weights_only=False` (the current default value), which uses the default pickle module implicitly. It is possible to construct malicious pickle data which will execute arbitrary code during unpickling (See https://github.com/pytorch/pytorch/blob/main/SECURITY.md#untrusted-models for more details). In a future release, the default value for `weights_only` will be flipped to `True`. This limits the functions that could be executed during unpickling. Arbitrary objects will no longer be allowed to be loaded via this mode unless they are explicitly allowlisted by the user via `torch.serialization.add_safe_globals`. We recommend you start setting `weights_only=True` for any use case where you don't have full control of the loaded file. Please open an issue on GitHub for any issues related to this experimental feature.
  quant_state = torch.load(
/workspace/parameter-golf/train_exp22.py:2301: FutureWarning: You are using `torch.load` with `weights_only=False` (the current default value), which uses the default pickle module implicitly. It is possible to construct malicious pickle data which will execute arbitrary code during unpickling (See https://github.com/pytorch/pytorch/blob/main/SECURITY.md#untrusted-models for more details). In a future release, the default value for `weights_only` will be flipped to `True`. This limits the functions that could be executed during unpickling. Arbitrary objects will no longer be allowed to be loaded via this mode unless they are explicitly allowlisted by the user via `torch.serialization.add_safe_globals`. We recommend you start setting `weights_only=True` for any use case where you don't have full control of the loaded file. Please open an issue on GitHub for any issues related to this experimental feature.
  quant_state = torch.load(
/workspace/parameter-golf/train_exp22.py:2301: FutureWarning: You are using `torch.load` with `weights_only=False` (the current default value), which uses the default pickle module implicitly. It is possible to construct malicious pickle data which will execute arbitrary code during unpickling (See https://github.com/pytorch/pytorch/blob/main/SECURITY.md#untrusted-models for more details). In a future release, the default value for `weights_only` will be flipped to `True`. This limits the functions that could be executed during unpickling. Arbitrary objects will no longer be allowed to be loaded via this mode unless they are explicitly allowlisted by the user via `torch.serialization.add_safe_globals`. We recommend you start setting `weights_only=True` for any use case where you don't have full control of the loaded file. Please open an issue on GitHub for any issues related to this experimental feature.
  quant_state = torch.load(
/workspace/parameter-golf/train_exp22.py:2301: FutureWarning: You are using `torch.load` with `weights_only=False` (the current default value), which uses the default pickle module implicitly. It is possible to construct malicious pickle data which will execute arbitrary code during unpickling (See https://github.com/pytorch/pytorch/blob/main/SECURITY.md#untrusted-models for more details). In a future release, the default value for `weights_only` will be flipped to `True`. This limits the functions that could be executed during unpickling. Arbitrary objects will no longer be allowed to be loaded via this mode unless they are explicitly allowlisted by the user via `torch.serialization.add_safe_globals`. We recommend you start setting `weights_only=True` for any use case where you don't have full control of the loaded file. Please open an issue on GitHub for any issues related to this experimental feature.
  quant_state = torch.load(
final_int6_roundtrip val_loss:2.0300 val_bpb:1.2023 eval_time:58291ms
final_int6_roundtrip_exact val_loss:2.03000304 val_bpb:1.20228214
final_int6_sliding_window val_loss:1.9895 val_bpb:1.1783 stride:64 eval_time:187676ms
final_int6_sliding_window_exact val_loss:1.98952630 val_bpb:1.17831266
final_int8_zlib_roundtrip_exact val_loss:1.98952630 val_bpb:1.17831266
