W0415 03:04:01.532000 137468869538944 torch/distributed/run.py:779] 
W0415 03:04:01.532000 137468869538944 torch/distributed/run.py:779] *****************************************
W0415 03:04:01.532000 137468869538944 torch/distributed/run.py:779] Setting OMP_NUM_THREADS environment variable for each process to be 1 in default, to avoid your system being overloaded, please further tune the variable for optimal performance in your application as needed. 
W0415 03:04:01.532000 137468869538944 torch/distributed/run.py:779] *****************************************
Traceback (most recent call last):
  File "/workspace/parameter-golf/train_exp21.py", line 5, in <module>
    from flash_attn_interface import (
ModuleNotFoundError: No module named 'flash_attn_interface'
Traceback (most recent call last):
  File "/workspace/parameter-golf/train_exp21.py", line 5, in <module>
    from flash_attn_interface import (
Traceback (most recent call last):
ModuleNotFoundError: No module named 'flash_attn_interface'
  File "/workspace/parameter-golf/train_exp21.py", line 5, in <module>
    from flash_attn_interface import (
ModuleNotFoundError: No module named 'flash_attn_interface'
Traceback (most recent call last):
  File "/workspace/parameter-golf/train_exp21.py", line 5, in <module>
    from flash_attn_interface import (
ModuleNotFoundError: No module named 'flash_attn_interface'
Traceback (most recent call last):
  File "/workspace/parameter-golf/train_exp21.py", line 5, in <module>
    from flash_attn_interface import (
ModuleNotFoundError: No module named 'flash_attn_interface'
Traceback (most recent call last):
  File "/workspace/parameter-golf/train_exp21.py", line 5, in <module>
    from flash_attn_interface import (
ModuleNotFoundError: No module named 'flash_attn_interface'
Traceback (most recent call last):
  File "/workspace/parameter-golf/train_exp21.py", line 5, in <module>
    from flash_attn_interface import (
ModuleNotFoundError: No module named 'flash_attn_interface'
Traceback (most recent call last):
  File "/workspace/parameter-golf/train_exp21.py", line 5, in <module>
    from flash_attn_interface import (
ModuleNotFoundError: No module named 'flash_attn_interface'
E0415 03:04:03.236000 137468869538944 torch/distributed/elastic/multiprocessing/api.py:833] failed (exitcode: 1) local_rank: 0 (pid: 48695) of binary: /usr/bin/python
Traceback (most recent call last):
  File "/usr/local/bin/torchrun", line 8, in <module>
    sys.exit(main())
             ^^^^^^
  File "/usr/local/lib/python3.11/dist-packages/torch/distributed/elastic/multiprocessing/errors/__init__.py", line 348, in wrapper
    return f(*args, **kwargs)
           ^^^^^^^^^^^^^^^^^^
  File "/usr/local/lib/python3.11/dist-packages/torch/distributed/run.py", line 901, in main
    run(args)
  File "/usr/local/lib/python3.11/dist-packages/torch/distributed/run.py", line 892, in run
    elastic_launch(
  File "/usr/local/lib/python3.11/dist-packages/torch/distributed/launcher/api.py", line 133, in __call__
    return launch_agent(self._config, self._entrypoint, list(args))
           ^^^^^^^^^^^^^^^^^^^^^^^^^^^^^^^^^^^^^^^^^^^^^^^^^^^^^^^^
  File "/usr/local/lib/python3.11/dist-packages/torch/distributed/launcher/api.py", line 264, in launch_agent
    raise ChildFailedError(
torch.distributed.elastic.multiprocessing.errors.ChildFailedError: 
============================================================
train_exp21.py FAILED
------------------------------------------------------------
Failures:
[1]:
  time      : 2026-04-15_03:04:03
  host      : 7f042e97cd4d
  rank      : 1 (local_rank: 1)
  exitcode  : 1 (pid: 48696)
  error_file: <N/A>
  traceback : To enable traceback see: https://pytorch.org/docs/stable/elastic/errors.html
[2]:
  time      : 2026-04-15_03:04:03
  host      : 7f042e97cd4d
  rank      : 2 (local_rank: 2)
  exitcode  : 1 (pid: 48697)
  error_file: <N/A>
  traceback : To enable traceback see: https://pytorch.org/docs/stable/elastic/errors.html
[3]:
  time      : 2026-04-15_03:04:03
  host      : 7f042e97cd4d
  rank      : 3 (local_rank: 3)
  exitcode  : 1 (pid: 48698)
  error_file: <N/A>
  traceback : To enable traceback see: https://pytorch.org/docs/stable/elastic/errors.html
[4]:
  time      : 2026-04-15_03:04:03
  host      : 7f042e97cd4d
  rank      : 4 (local_rank: 4)
  exitcode  : 1 (pid: 48699)
  error_file: <N/A>
  traceback : To enable traceback see: https://pytorch.org/docs/stable/elastic/errors.html
[5]:
  time      : 2026-04-15_03:04:03
  host      : 7f042e97cd4d
  rank      : 5 (local_rank: 5)
  exitcode  : 1 (pid: 48700)
  error_file: <N/A>
  traceback : To enable traceback see: https://pytorch.org/docs/stable/elastic/errors.html
[6]:
  time      : 2026-04-15_03:04:03
  host      : 7f042e97cd4d
  rank      : 6 (local_rank: 6)
  exitcode  : 1 (pid: 48701)
  error_file: <N/A>
  traceback : To enable traceback see: https://pytorch.org/docs/stable/elastic/errors.html
[7]:
  time      : 2026-04-15_03:04:03
  host      : 7f042e97cd4d
  rank      : 7 (local_rank: 7)
  exitcode  : 1 (pid: 48702)
  error_file: <N/A>
  traceback : To enable traceback see: https://pytorch.org/docs/stable/elastic/errors.html
------------------------------------------------------------
Root Cause (first observed failure):
[0]:
  time      : 2026-04-15_03:04:03
  host      : 7f042e97cd4d
  rank      : 0 (local_rank: 0)
  exitcode  : 1 (pid: 48695)
  error_file: <N/A>
  traceback : To enable traceback see: https://pytorch.org/docs/stable/elastic/errors.html
============================================================
