W0413 16:37:06.370000 128213877499008 torch/distributed/run.py:779] 
W0413 16:37:06.370000 128213877499008 torch/distributed/run.py:779] *****************************************
W0413 16:37:06.370000 128213877499008 torch/distributed/run.py:779] Setting OMP_NUM_THREADS environment variable for each process to be 1 in default, to avoid your system being overloaded, please further tune the variable for optimal performance in your application as needed. 
W0413 16:37:06.370000 128213877499008 torch/distributed/run.py:779] *****************************************
logs/exp20_ema_on_d640.txt
val_bpb:enabled tokenizer_kind=sentencepiece tokenizer_path=./data/tokenizers/fineweb_1024_bpe.model
train_loader:dataset:fineweb10B_sp1024 train_shards:80
val_loader:shards pattern=./data/datasets/fineweb10B_sp1024/fineweb_val_*.bin tokens:62021632
model_params:38067540
mtp_num_heads:0 mtp_loss_weight:0.2 mtp_params:0
XSA:last_6 active_unique_blocks:[4, 5, 6, 7, 8, 9] (each block runs twice per forward)
weight_tied:num_unique_blocks=10 num_shared=4 num_indep=3 effective_depth=14 model_dim=640
world_size:8 grad_accum_steps:1
sdp_backends:cudnn=False flash=True mem_efficient=False math=False
attention_mode:gqa num_heads:8 num_kv_heads:4
tie_embeddings:True embed_lr:0.035 head_lr:0.0 matrix_lr:0.025 scalar_lr:0.025
train_batch_tokens:786432 train_seq_len:2048 iterations:20000 warmup_steps:20 max_wallclock_seconds:600.000
seed:1337
warmup_step:1/20
warmup_step:2/20
warmup_step:3/20
warmup_step:4/20
warmup_step:5/20
warmup_step:6/20
warmup_step:7/20
warmup_step:8/20
warmup_step:9/20
warmup_step:10/20
warmup_step:11/20
warmup_step:12/20
warmup_step:13/20
warmup_step:14/20
warmup_step:15/20
warmup_step:16/20
warmup_step:17/20
warmup_step:18/20
warmup_step:19/20
warmup_step:20/20
step:0/20000 val_loss:6.9309 val_bpb:4.1049 train_time:0ms step_avg:0.01ms
step:1/20000 train_loss:6.9346 train_time:212ms step_avg:212.43ms
step:2/20000 train_loss:9.1325 train_time:282ms step_avg:140.76ms
step:3/20000 train_loss:7.8955 train_time:477ms step_avg:159.10ms
step:4/20000 train_loss:8.5423 train_time:674ms step_avg:168.59ms
step:5/20000 train_loss:8.6555 train_time:871ms step_avg:174.16ms
step:6/20000 train_loss:8.3206 train_time:1067ms step_avg:177.90ms
step:7/20000 train_loss:7.6764 train_time:1263ms step_avg:180.42ms
step:8/20000 train_loss:7.2864 train_time:1460ms step_avg:182.46ms
step:9/20000 train_loss:6.7810 train_time:1656ms step_avg:183.98ms
step:10/20000 train_loss:6.3998 train_time:1852ms step_avg:185.19ms
step:200/20000 val_loss:2.6870 val_bpb:1.5914 train_time:39655ms step_avg:198.28ms
step:400/20000 val_loss:2.4070 val_bpb:1.4256 train_time:79586ms step_avg:198.96ms
step:500/20000 train_loss:2.3728 train_time:99337ms step_avg:198.67ms
step:600/20000 val_loss:2.2828 val_bpb:1.3520 train_time:119409ms step_avg:199.01ms
step:800/20000 val_loss:2.2087 val_bpb:1.3081 train_time:159207ms step_avg:199.01ms
step:1000/20000 train_loss:2.2142 train_time:198739ms step_avg:198.74ms
step:1000/20000 val_loss:2.1661 val_bpb:1.2829 train_time:198871ms step_avg:198.87ms
step:1200/20000 val_loss:2.1362 val_bpb:1.2652 train_time:238577ms step_avg:198.81ms
step:1400/20000 val_loss:2.1149 val_bpb:1.2526 train_time:278264ms step_avg:198.76ms
step:1500/20000 train_loss:2.1426 train_time:297920ms step_avg:198.61ms
step:1600/20000 val_loss:2.0962 val_bpb:1.2415 train_time:317895ms step_avg:198.68ms
step:1800/20000 val_loss:2.0688 val_bpb:1.2253 train_time:357573ms step_avg:198.65ms
step:2000/20000 train_loss:1.9775 train_time:397059ms step_avg:198.53ms
step:2000/20000 val_loss:2.0427 val_bpb:1.2098 train_time:397191ms step_avg:198.60ms
step:2200/20000 val_loss:2.0217 val_bpb:1.1973 train_time:436875ms step_avg:198.58ms
swa:start step:2350
step:2400/20000 val_loss:2.0008 val_bpb:1.1850 train_time:476757ms step_avg:198.65ms
late_qat:enabled step:2496 scale:0.1497
step:2500/20000 train_loss:2.0665 train_time:496546ms step_avg:198.62ms
step:2600/20000 val_loss:1.9821 val_bpb:1.1739 train_time:516823ms step_avg:198.78ms
step:2800/20000 val_loss:1.9642 val_bpb:1.1633 train_time:557019ms step_avg:198.94ms
step:3000/20000 train_loss:2.0275 train_time:596782ms step_avg:198.93ms
step:3000/20000 val_loss:1.9529 val_bpb:1.1566 train_time:597008ms step_avg:199.00ms
step:3016/20000 val_loss:1.9528 val_bpb:1.1565 train_time:600164ms step_avg:198.99ms
stopping_early: wallclock_cap train_time:600164ms step:3016/20000
peak memory allocated: 43331 MiB reserved: 43742 MiB
ema:applying EMA weights (ema_count=3016, final_effective_decay=0.99700)
DIAGNOSTIC post_ema val_loss:1.9535 val_bpb:1.1570 eval_time:4220ms
Serialized model: 150190174 bytes
Code size: 110639 bytes
gptq:building non-banked model for Hessian collection...
gptq:generating autoregressive calibration data (64 seqs x 2048 tokens, temp=0.8)...
gptq:generated 64 sequences in 328.5s
gptq:collecting hessians from autoregressive data...
gptq:collected hessians for 62 layers (AR self-gen)
selective_prune: 9572867 ±1 candidates, unpruned=18.32MB target=15.9MB
selective_prune: full ±1 prune=15.59MB
W0413 17:18:10.238000 128213877499008 torch/distributed/elastic/agent/server/api.py:688] Received 15 death signal, shutting down workers
W0413 17:18:10.241000 128213877499008 torch/distributed/elastic/multiprocessing/api.py:858] Sending process 49984 closing signal SIGTERM
W0413 17:18:10.244000 128213877499008 torch/distributed/elastic/multiprocessing/api.py:858] Sending process 49985 closing signal SIGTERM
W0413 17:18:10.260000 128213877499008 torch/distributed/elastic/multiprocessing/api.py:858] Sending process 49986 closing signal SIGTERM
W0413 17:18:10.272000 128213877499008 torch/distributed/elastic/multiprocessing/api.py:858] Sending process 49987 closing signal SIGTERM
W0413 17:18:10.277000 128213877499008 torch/distributed/elastic/multiprocessing/api.py:858] Sending process 49988 closing signal SIGTERM
W0413 17:18:10.288000 128213877499008 torch/distributed/elastic/multiprocessing/api.py:858] Sending process 49989 closing signal SIGTERM
W0413 17:18:10.296000 128213877499008 torch/distributed/elastic/multiprocessing/api.py:858] Sending process 49990 closing signal SIGTERM
W0413 17:18:10.305000 128213877499008 torch/distributed/elastic/multiprocessing/api.py:858] Sending process 49991 closing signal SIGTERM
Traceback (most recent call last):
  File "/usr/local/bin/torchrun", line 8, in <module>
    sys.exit(main())
             ^^^^^^
  File "/usr/local/lib/python3.11/dist-packages/torch/distributed/elastic/multiprocessing/errors/__init__.py", line 348, in wrapper
    return f(*args, **kwargs)
           ^^^^^^^^^^^^^^^^^^
  File "/usr/local/lib/python3.11/dist-packages/torch/distributed/run.py", line 901, in main
    run(args)
  File "/usr/local/lib/python3.11/dist-packages/torch/distributed/run.py", line 892, in run
    elastic_launch(
  File "/usr/local/lib/python3.11/dist-packages/torch/distributed/launcher/api.py", line 133, in __call__
    return launch_agent(self._config, self._entrypoint, list(args))
           ^^^^^^^^^^^^^^^^^^^^^^^^^^^^^^^^^^^^^^^^^^^^^^^^^^^^^^^^
  File "/usr/local/lib/python3.11/dist-packages/torch/distributed/launcher/api.py", line 255, in launch_agent
    result = agent.run()
             ^^^^^^^^^^^
  File "/usr/local/lib/python3.11/dist-packages/torch/distributed/elastic/metrics/api.py", line 124, in wrapper
    result = f(*args, **kwargs)
             ^^^^^^^^^^^^^^^^^^
  File "/usr/local/lib/python3.11/dist-packages/torch/distributed/elastic/agent/server/api.py", line 680, in run
    result = self._invoke_run(role)
             ^^^^^^^^^^^^^^^^^^^^^^
  File "/usr/local/lib/python3.11/dist-packages/torch/distributed/elastic/agent/server/api.py", line 835, in _invoke_run
    time.sleep(monitor_interval)
  File "/usr/local/lib/python3.11/dist-packages/torch/distributed/elastic/multiprocessing/api.py", line 79, in _terminate_process_handler
    raise SignalException(f"Process {os.getpid()} got signal: {sigval}", sigval=sigval)
torch.distributed.elastic.multiprocessing.api.SignalException: Process 49917 got signal: 15
